============================= test session starts ==============================
platform linux -- Python 3.7.3, pytest-6.2.5, py-1.10.0, pluggy-1.0.0 -- /usr/bin/python3
cachedir: .pytest_cache
hypothesis profile 'default' -> database=DirectoryBasedExampleDatabase('/tmp_amd/kamen/export/kamen/3/cs1531/project-automarking/tempstore/.hypothesis/examples')
rootdir: /tmp_amd/kamen/export/kamen/3/cs1531/project-automarking/tempstore, configfile: pytest.ini
plugins: forked-1.3.0, xdist-2.2.1, hypothesis-6.1.1, timeout-1.4.2
collecting ... collected 359 items

http_tests/admin_tests/test_admin_user_remove.py::test_once_removed_user_cant_do_anything PASSED [  0%]
http_tests/admin_tests/test_admin_user_remove.py::test_messages_after_user_removal_correct_format PASSED [  0%]
http_tests/admin_tests/test_admin_user_remove.py::test_removed_profile_still_fetchable_with_user_profile PASSED [  0%]
http_tests/admin_tests/test_admin_user_remove.py::test_removal_removed_from_channel PASSED [  1%]
http_tests/admin_tests/test_admin_user_remove.py::test_removal_removed_from_dm PASSED [  1%]
http_tests/admin_tests/test_admin_user_remove.py::test_removal_not_in_users_all FAILED [  1%]
http_tests/admin_tests/test_admin_user_remove.py::test_email_reusable PASSED [  1%]
http_tests/admin_tests/test_admin_user_remove.py::test_handle_reusable PASSED [  2%]
http_tests/admin_tests/test_admin_user_remove.py::test_invalid_user PASSED [  2%]
http_tests/admin_tests/test_admin_user_remove.py::test_cannot_remove_last_owner PASSED [  2%]
http_tests/admin_tests/test_admin_user_remove.py::test_cannot_remove_user_nonowner PASSED [  3%]
http_tests/admin_tests/test_admin_user_remove.py::test_invalid_token PASSED [  3%]
http_tests/admin_tests/test_admin_userpermission_change.py::test_successful_permission_change PASSED [  3%]
http_tests/admin_tests/test_admin_userpermission_change.py::test_cannot_demote_last_owner PASSED [  3%]
http_tests/admin_tests/test_admin_userpermission_change.py::test_nonowner_cant_change_permissions PASSED [  4%]
http_tests/admin_tests/test_admin_userpermission_change.py::test_invalid_user PASSED [  4%]
http_tests/admin_tests/test_admin_userpermission_change.py::test_invalid_permission PASSED [  4%]
http_tests/admin_tests/test_admin_userpermission_change.py::test_invalid_token PASSED [  5%]
http_tests/auth_tests/test_auth_login.py::test_successful_login PASSED   [  5%]
http_tests/auth_tests/test_auth_login.py::test_can_have_two_sessions PASSED [  5%]
http_tests/auth_tests/test_auth_login.py::test_unregistered_user PASSED  [  5%]
http_tests/auth_tests/test_auth_login.py::test_registered_but_incorrect_password PASSED [  6%]
http_tests/auth_tests/test_auth_logout.py::test_successful_logout PASSED [  6%]
http_tests/auth_tests/test_auth_logout.py::test_accesserror_when_already_logged_out PASSED [  6%]
http_tests/auth_tests/test_auth_register.py::test_invalid_email[@gmail.com] PASSED [  6%]
http_tests/auth_tests/test_auth_register.py::test_invalid_email[bob] PASSED [  7%]
http_tests/auth_tests/test_auth_register.py::test_invalid_email[bob@bob@bob.com] PASSED [  7%]
http_tests/auth_tests/test_auth_register.py::test_invalid_password[12345] PASSED [  7%]
http_tests/auth_tests/test_auth_register.py::test_invalid_password[] PASSED [  8%]
http_tests/auth_tests/test_auth_register.py::test_invalid_name_first[] PASSED [  8%]
http_tests/auth_tests/test_auth_register.py::test_invalid_name_first[aaaaaaaaaaaaaaaaaaaaaaaaaaaaaaaaaaaaaaaaaaaaaaaaaaa] PASSED [  8%]
http_tests/auth_tests/test_auth_register.py::test_invalid_name_last[] PASSED [  8%]
http_tests/auth_tests/test_auth_register.py::test_invalid_name_last[bbbbbbbbbbbbbbbbbbbbbbbbbbbbbbbbbbbbbbbbbbbbbbbbbbb] PASSED [  9%]
http_tests/auth_tests/test_auth_register.py::test_duplicate_email PASSED [  9%]
http_tests/auth_tests/test_auth_register.py::test_removed_user_name FAILED [  9%]
http_tests/auth_tests/test_auth_register.py::test_successful_registration PASSED [ 10%]
http_tests/auth_tests/test_auth_register.py::test_basic_handle_generated_correctly[Bob-Smith-bobsmith] PASSED [ 10%]
http_tests/auth_tests/test_auth_register.py::test_basic_handle_generated_correctly[ababababab-cdcdcdcdcdcd-abababababcdcdcdcdcd] PASSED [ 10%]
http_tests/auth_tests/test_auth_register.py::test_duplicate_handles_generated_correctly[abcdefghij-klmnopqrs-abcdefghijklmnopqrs-abcdefghij-klmnopqrs-abcdefghijklmnopqrs0] PASSED [ 10%]
http_tests/auth_tests/test_auth_register.py::test_duplicate_handles_generated_correctly[abcdefghij-klmnopqrst-abcdefghijklmnopqrst-abcdefghij-klmnopqrst-abcdefghijklmnopqrst0] PASSED [ 11%]
http_tests/auth_tests/test_auth_register.py::test_duplicate_handles_generated_correctly[@bcdefgh!j-klmn opqrst-bcdefghjklmnopqrst-bcdefghj-klmnopqrst-bcdefghjklmnopqrst0] PASSED [ 11%]
http_tests/auth_tests/test_auth_register.py::test_duplicate_handles_generated_correctly[abc-def0-abcdef0-abc-def-abcdef1] PASSED [ 11%]
http_tests/auth_tests/test_passwordreset_request.py::test_return_format_correct PASSED [ 11%]
http_tests/auth_tests/test_passwordreset_request.py::test_password_request_logs_out_everywhere PASSED [ 12%]
http_tests/auth_tests/test_passwordreset_reset.py::test_invalid_password PASSED [ 12%]
http_tests/channel_tests/test_channel_addowner.py::test_channel_owner_can_addowner_when_member PASSED [ 12%]
http_tests/channel_tests/test_channel_addowner.py::test_global_owner_member_can_addowner PASSED [ 13%]
http_tests/channel_tests/test_channel_addowner.py::test_channel_owner_cant_addowner_when_non_member PASSED [ 13%]
http_tests/channel_tests/test_channel_addowner.py::test_non_member_cannot_add_owner PASSED [ 13%]
http_tests/channel_tests/test_channel_addowner.py::test_global_owner_non_member_cant_addowner_private PASSED [ 13%]
http_tests/channel_tests/test_channel_addowner.py::test_global_owner_non_member_cant_addowner_public PASSED [ 14%]
http_tests/channel_tests/test_channel_addowner.py::test_member_cannot_add_owner PASSED [ 14%]
http_tests/channel_tests/test_channel_addowner.py::test_cannot_addowner_prexisting_channel_owner PASSED [ 14%]
http_tests/channel_tests/test_channel_addowner.py::test_with_invalid_u_id PASSED [ 15%]
http_tests/channel_tests/test_channel_addowner.py::test_with_invalid_channel_id PASSED [ 15%]
http_tests/channel_tests/test_channel_addowner.py::test_invalid_token PASSED [ 15%]
http_tests/channel_tests/test_channel_details.py::test_member_successful PASSED [ 15%]
http_tests/channel_tests/test_channel_details.py::test_non_member_not_successful PASSED [ 16%]
http_tests/channel_tests/test_channel_details.py::test_invalid_channel_id PASSED [ 16%]
http_tests/channel_tests/test_channel_details.py::test_invalid_token PASSED [ 16%]
http_tests/channel_tests/test_channel_invite.py::test_duplicate_invite PASSED [ 16%]
http_tests/channel_tests/test_channel_invite.py::test_invite_global_owner PASSED [ 17%]
http_tests/channel_tests/test_channel_invite.py::test_invite_global_member PASSED [ 17%]
http_tests/channel_tests/test_channel_invite.py::test_invitation_from_non_channel_member PASSED [ 17%]
http_tests/channel_tests/test_channel_invite.py::test_channel_id_invalid PASSED [ 18%]
http_tests/channel_tests/test_channel_invite.py::test_u_id_invalid PASSED [ 18%]
http_tests/channel_tests/test_channel_invite.py::test_invalidated_token PASSED [ 18%]
http_tests/channel_tests/test_channel_join.py::test_global_owner_join_channel_public PASSED [ 18%]
http_tests/channel_tests/test_channel_join.py::test_global_owner_join_channel_private PASSED [ 19%]
http_tests/channel_tests/test_channel_join.py::test_global_member_join_public PASSED [ 19%]
http_tests/channel_tests/test_channel_join.py::test_global_member_cant_join_private PASSED [ 19%]
http_tests/channel_tests/test_channel_join.py::test_already_joined_channel PASSED [ 20%]
http_tests/channel_tests/test_channel_join.py::test_join_invalid_channel_id PASSED [ 20%]
http_tests/channel_tests/test_channel_join.py::test_invalidated_token PASSED [ 20%]
http_tests/channel_tests/test_channel_leave.py::test_member_leave_channel_successfully PASSED [ 20%]
http_tests/channel_tests/test_channel_leave.py::test_leave_channel_when_not_member PASSED [ 21%]
http_tests/channel_tests/test_channel_leave.py::test_invalid_channel_id PASSED [ 21%]
http_tests/channel_tests/test_channel_leave.py::test_invalid_token PASSED [ 21%]
http_tests/channel_tests/test_channel_messages.py::test_message_timestamp PASSED [ 22%]
http_tests/channel_tests/test_channel_messages.py::test_under_fifty_messages_sent PASSED [ 22%]
http_tests/channel_tests/test_channel_messages.py::test_over_fifty_messages_sent PASSED [ 22%]
http_tests/channel_tests/test_channel_messages.py::test_removal_by_edit_reflected PASSED [ 22%]
http_tests/channel_tests/test_channel_messages.py::test_removal_by_deletion_reflected PASSED [ 23%]
http_tests/channel_tests/test_channel_messages.py::test_input_error_when_start_greater_than_message_num PASSED [ 23%]
http_tests/channel_tests/test_channel_messages.py::test_access_error_when_user_is_non_member PASSED [ 23%]
http_tests/channel_tests/test_channel_messages.py::test_input_error_when_channel_id_invalid PASSED [ 23%]
http_tests/channel_tests/test_channel_messages.py::test_access_error_when_invalid_token_given PASSED [ 24%]
http_tests/channel_tests/test_channel_removeowner.py::test_owner_can_remove_owner PASSED [ 24%]
http_tests/channel_tests/test_channel_removeowner.py::test_global_owner_member_can_remove_owner PASSED [ 24%]
http_tests/channel_tests/test_channel_removeowner.py::test_global_owner_nonmember_cannot_remove_owner PASSED [ 25%]
http_tests/channel_tests/test_channel_removeowner.py::test_nonmember_cannot_remove_owner PASSED [ 25%]
http_tests/channel_tests/test_channel_removeowner.py::test_member_cannot_remove_owner PASSED [ 25%]
http_tests/channel_tests/test_channel_removeowner.py::test_cannot_remove_last_owner PASSED [ 25%]
http_tests/channel_tests/test_channel_removeowner.py::test_global_owner_cannot_remove_only_owner PASSED [ 26%]
http_tests/channel_tests/test_channel_removeowner.py::test_cannot_remove_non_owner PASSED [ 26%]
http_tests/channel_tests/test_channel_removeowner.py::test_invalid_u_id PASSED [ 26%]
http_tests/channel_tests/test_channel_removeowner.py::test_with_invalid_channel_id PASSED [ 27%]
http_tests/channel_tests/test_channel_removeowner.py::test_invalidated_token PASSED [ 27%]
http_tests/channels_tests/test_channels_create.py::test_create_channel[True-andys room] PASSED [ 27%]
http_tests/channels_tests/test_channels_create.py::test_create_channel[False-andys room] PASSED [ 27%]
http_tests/channels_tests/test_channels_create.py::test_invalid_channel_name_length[True-] PASSED [ 28%]
http_tests/channels_tests/test_channels_create.py::test_invalid_channel_name_length[True-I AM NOT A TOY AND ALSO THIS NAME IS TOO LONG] PASSED [ 28%]
http_tests/channels_tests/test_channels_create.py::test_invalid_channel_name_length[False-] PASSED [ 28%]
http_tests/channels_tests/test_channels_create.py::test_invalid_channel_name_length[False-I AM NOT A TOY AND ALSO THIS NAME IS TOO LONG] PASSED [ 28%]
http_tests/channels_tests/test_channels_create.py::test_invalidated_token PASSED [ 29%]
http_tests/channels_tests/test_channels_list.py::test_when_in_no_channels PASSED [ 29%]
http_tests/channels_tests/test_channels_list.py::test_when_in_one_channel[True-andy] PASSED [ 29%]
http_tests/channels_tests/test_channels_list.py::test_when_in_one_channel[False-andy] PASSED [ 30%]
http_tests/channels_tests/test_channels_list.py::test_when_in_multiple_channels[False-True-ZERG-andy] PASSED [ 30%]
http_tests/channels_tests/test_channels_list.py::test_when_in_multiple_channels[False-False-ZERG-andy] PASSED [ 30%]
http_tests/channels_tests/test_channels_list.py::test_when_in_multiple_channels[True-True-ZERG-andy] PASSED [ 30%]
http_tests/channels_tests/test_channels_list.py::test_when_in_multiple_channels[True-False-ZERG-andy] PASSED [ 31%]
http_tests/channels_tests/test_channels_list.py::test_list_after_leave_channel PASSED [ 31%]
http_tests/channels_tests/test_channels_list.py::test_invalidated_token PASSED [ 31%]
http_tests/channels_tests/test_channels_listall.py::test_when_no_channels PASSED [ 32%]
http_tests/channels_tests/test_channels_listall.py::test_when_one_channel_exists_private PASSED [ 32%]
http_tests/channels_tests/test_channels_listall.py::test_when_one_channel_exists_public PASSED [ 32%]
http_tests/channels_tests/test_channels_listall.py::test_when_multiple_channels_exist PASSED [ 32%]
http_tests/channels_tests/test_channels_listall.py::test_invalidated_token PASSED [ 33%]
http_tests/dm_tests/test_dm_create.py::test_successful_dm_creation PASSED [ 33%]
http_tests/dm_tests/test_dm_create.py::test_dm_name_creation_single PASSED [ 33%]
http_tests/dm_tests/test_dm_create.py::test_dm_name_creation_multiple PASSED [ 33%]
http_tests/dm_tests/test_dm_create.py::test_dm_to_invalid_users PASSED   [ 34%]
http_tests/dm_tests/test_dm_create.py::test_dm_to_users_but_one_invalid PASSED [ 34%]
http_tests/dm_tests/test_dm_create.py::test_invalid_token PASSED         [ 34%]
http_tests/dm_tests/test_dm_details.py::test_member_successful PASSED    [ 35%]
http_tests/dm_tests/test_dm_details.py::test_non_member_not_successful PASSED [ 35%]
http_tests/dm_tests/test_dm_details.py::test_invalid_dm_id PASSED        [ 35%]
http_tests/dm_tests/test_dm_details.py::test_invalid_token PASSED        [ 35%]
http_tests/dm_tests/test_dm_leave.py::test_member_leave_dm_successfully PASSED [ 36%]
http_tests/dm_tests/test_dm_leave.py::test_leave_dm_when_not_member PASSED [ 36%]
http_tests/dm_tests/test_dm_leave.py::test_invalid_dm_id PASSED          [ 36%]
http_tests/dm_tests/test_dm_leave.py::test_invalid_token PASSED          [ 37%]
http_tests/dm_tests/test_dm_list.py::test_when_in_no_dms PASSED          [ 37%]
http_tests/dm_tests/test_dm_list.py::test_when_in_one_dm PASSED          [ 37%]
http_tests/dm_tests/test_dm_list.py::test_when_in_multiple_dms PASSED    [ 37%]
http_tests/dm_tests/test_dm_list.py::test_list_after_leave_dm PASSED     [ 38%]
http_tests/dm_tests/test_dm_list.py::test_invalidated_token PASSED       [ 38%]
http_tests/dm_tests/test_dm_messages.py::test_under_fifty_messages_sent PASSED [ 38%]
http_tests/dm_tests/test_dm_messages.py::test_over_fifty_messages_sent PASSED [ 38%]
http_tests/dm_tests/test_dm_messages.py::test_removal_by_edit_reflected PASSED [ 39%]
http_tests/dm_tests/test_dm_messages.py::test_removal_by_deletion_reflected PASSED [ 39%]
http_tests/dm_tests/test_dm_messages.py::test_input_error_when_start_greater_than_message_num PASSED [ 39%]
http_tests/dm_tests/test_dm_messages.py::test_access_error_when_user_is_non_member PASSED [ 40%]
http_tests/dm_tests/test_dm_messages.py::test_input_error_when_dm_id_invalid PASSED [ 40%]
http_tests/dm_tests/test_dm_messages.py::test_access_error_when_invalid_token_given PASSED [ 40%]
http_tests/dm_tests/test_dm_remove.py::test_successful_dm_removal PASSED [ 40%]
http_tests/dm_tests/test_dm_remove.py::test_removal_removes_messages FAILED [ 41%]
http_tests/dm_tests/test_dm_remove.py::test_nonowner_cannot_remove_dm PASSED [ 41%]
http_tests/dm_tests/test_dm_remove.py::test_invalid_dm_id PASSED         [ 41%]
http_tests/dm_tests/test_dm_remove.py::test_invalid_token PASSED         [ 42%]
http_tests/message_tests/test_message_edit.py::test_original_poster_can_edit_message_channel PASSED [ 42%]
http_tests/message_tests/test_message_edit.py::test_original_poster_can_edit_message_dm PASSED [ 42%]
http_tests/message_tests/test_message_edit.py::test_owner_can_edit_members_message_channel PASSED [ 42%]
http_tests/message_tests/test_message_edit.py::test_owner_can_edit_members_message_dm FAILED [ 43%]
http_tests/message_tests/test_message_edit.py::test_global_owner_can_edit_members_message_channel PASSED [ 43%]
http_tests/message_tests/test_message_edit.py::test_global_owner_cant_edit_members_message_dm FAILED [ 43%]
http_tests/message_tests/test_message_edit.py::test_empty_edit_deletes_message PASSED [ 44%]
http_tests/message_tests/test_message_edit.py::test_invalid_message_length PASSED [ 44%]
http_tests/message_tests/test_message_edit.py::test_cannot_edit_deleted_message FAILED [ 44%]
http_tests/message_tests/test_message_edit.py::test_nonowner_nonposter_cant_edit PASSED [ 44%]
http_tests/message_tests/test_message_edit.py::test_invalid_token PASSED [ 45%]
http_tests/message_tests/test_message_meta.py::test_message_ids_unique PASSED [ 45%]
http_tests/message_tests/test_message_meta.py::test_message_ids_unique_iter3 PASSED [ 45%]
http_tests/message_tests/test_message_pin.py::test_successful_pin_channel_owner_in_channel PASSED [ 45%]
http_tests/message_tests/test_message_pin.py::test_successful_pin_dm_owner_in_dm PASSED [ 46%]
http_tests/message_tests/test_message_pin.py::test_successful_pin_global_owner_in_channel FAILED [ 46%]
http_tests/message_tests/test_message_pin.py::test_invalid_message_id PASSED [ 46%]
http_tests/message_tests/test_message_pin.py::test_cannot_pin_twice PASSED [ 47%]
http_tests/message_tests/test_message_pin.py::test_channel_member_cant_pin PASSED [ 47%]
http_tests/message_tests/test_message_pin.py::test_dm_member_cant_pin PASSED [ 47%]
http_tests/message_tests/test_message_pin.py::test_global_owner_cant_pin_in_dm PASSED [ 47%]
http_tests/message_tests/test_message_pin.py::test_nonmember_cant_pin PASSED [ 48%]
http_tests/message_tests/test_message_pin.py::test_invalid_token PASSED  [ 48%]
http_tests/message_tests/test_message_react.py::test_successful_react_in_channel PASSED [ 48%]
http_tests/message_tests/test_message_react.py::test_successful_react_to_dm_message PASSED [ 49%]
http_tests/message_tests/test_message_react.py::test_invalid_message_id PASSED [ 49%]
http_tests/message_tests/test_message_react.py::test_invalid_react_id PASSED [ 49%]
http_tests/message_tests/test_message_react.py::test_cant_react_twice PASSED [ 49%]
http_tests/message_tests/test_message_react.py::test_nonmember_cannot_react PASSED [ 50%]
http_tests/message_tests/test_message_react.py::test_invalid_token PASSED [ 50%]
http_tests/message_tests/test_message_remove.py::test_original_poster_can_remove_message PASSED [ 50%]
http_tests/message_tests/test_message_remove.py::test_owner_can_remove_members_message PASSED [ 50%]
http_tests/message_tests/test_message_remove.py::test_global_owner_can_remove_members_message_channel PASSED [ 51%]
http_tests/message_tests/test_message_remove.py::test_global_owner_cant_remove_members_message_dm FAILED [ 51%]
http_tests/message_tests/test_message_remove.py::test_cannot_remove_deleted_message PASSED [ 51%]
http_tests/message_tests/test_message_remove.py::test_nonowner_nonposter_cant_remove_message PASSED [ 52%]
http_tests/message_tests/test_message_remove.py::test_invalid_token PASSED [ 52%]
http_tests/message_tests/test_message_send.py::test_valid_message PASSED [ 52%]
http_tests/message_tests/test_message_send.py::test_nonmember_post PASSED [ 52%]
http_tests/message_tests/test_message_send.py::test_invalid_channel PASSED [ 53%]
http_tests/message_tests/test_message_send.py::test_invalid_message[] PASSED [ 53%]
http_tests/message_tests/test_message_send.py::test_invalid_message[mmmmmmmmmmmmmmmmmmmmmmmmmmmmmmmmmmmmmmmmmmmmmmmmmmmmmmmmmmmmmmmmmmmmmmmmmmmmmmmmmmmmmmmmmmmmmmmmmmmmmmmmmmmmmmmmmmmmmmmmmmmmmmmmmmmmmmmmmmmmmmmmmmmmmmmmmmmmmmmmmmmmmmmmmmmmmmmmmmmmmmmmmmmmmmmmmmmmmmmmmmmmmmmmmmmmmmmmmmmmmmmmmmmmmmmmmmmmmmmmmmmmmmmmmmmmmmmmmmmmmmmmmmmmmmmmmmmmmmmmmmmmmmmmmmmmmmmmmmmmmmmmmmmmmmmmmmmmmmmmmmmmmmmmmmmmmmmmmmmmmmmmmmmmmmmmmmmmmmmmmmmmmmmmmmmmmmmmmmmmmmmmmmmmmmmmmmmmmmmmmmmmmmmmmmmmmmmmmmmmmmmmmmmmmmmmmmmmmmmmmmmmmmmmmmmmmmmmmmmmmmmmmmmmmmmmmmmmmmmmmmmmmmmmmmmmmmmmmmmmmmmmmmmmmmmmmmmmmmmmmmmmmmmmmmmmmmmmmmmmmmmmmmmmmmmmmmmmmmmmmmmmmmmmmmmmmmmmmmmmmmmmmmmmmmmmmmmmmmmmmmmmmmmmmmmmmmmmmmmmmmmmmmmmmmmmmmmmmmmmmmmmmmmmmmmmmmmmmmmmmmmmmmmmmmmmmmmmmmmmmmmmmmmmmmmmmmmmmmmmmmmmmmmmmmmmmmmmmmmmmmmmmmmmmmmmmmmmmmmmmmmmmmmmmmmmmmmmmmmmmmmmmmmmmmmmmmmmmmmmmmmmmmmmmmmmmmmmmmmmmmmmmmmmmmmmmmmmmmmmmmmmmmmmmmmmmmmmmmmmmmmmmmmmmmmmmmmmmmmmmmmmmmmmmmmmmmmmmmmmmmmmmmmmmmmmmmmmmmmmmmmmmmmmmmmmmmmmmmmmmmmmmmmmmmmmmmmmmmmmmmmmmmmmmmmmmmmmmmmmmmmmmmmmmmmmmmmmmmmmmmmmmmmmmmmmmmmmmmmmm] PASSED [ 53%]
http_tests/message_tests/test_message_send.py::test_invalid_token PASSED [ 54%]
http_tests/message_tests/test_message_senddm.py::test_valid_message PASSED [ 54%]
http_tests/message_tests/test_message_senddm.py::test_nonmember_post PASSED [ 54%]
http_tests/message_tests/test_message_senddm.py::test_invalid_dm PASSED  [ 54%]
http_tests/message_tests/test_message_senddm.py::test_invalid_message[] PASSED [ 55%]
http_tests/message_tests/test_message_senddm.py::test_invalid_message[mmmmmmmmmmmmmmmmmmmmmmmmmmmmmmmmmmmmmmmmmmmmmmmmmmmmmmmmmmmmmmmmmmmmmmmmmmmmmmmmmmmmmmmmmmmmmmmmmmmmmmmmmmmmmmmmmmmmmmmmmmmmmmmmmmmmmmmmmmmmmmmmmmmmmmmmmmmmmmmmmmmmmmmmmmmmmmmmmmmmmmmmmmmmmmmmmmmmmmmmmmmmmmmmmmmmmmmmmmmmmmmmmmmmmmmmmmmmmmmmmmmmmmmmmmmmmmmmmmmmmmmmmmmmmmmmmmmmmmmmmmmmmmmmmmmmmmmmmmmmmmmmmmmmmmmmmmmmmmmmmmmmmmmmmmmmmmmmmmmmmmmmmmmmmmmmmmmmmmmmmmmmmmmmmmmmmmmmmmmmmmmmmmmmmmmmmmmmmmmmmmmmmmmmmmmmmmmmmmmmmmmmmmmmmmmmmmmmmmmmmmmmmmmmmmmmmmmmmmmmmmmmmmmmmmmmmmmmmmmmmmmmmmmmmmmmmmmmmmmmmmmmmmmmmmmmmmmmmmmmmmmmmmmmmmmmmmmmmmmmmmmmmmmmmmmmmmmmmmmmmmmmmmmmmmmmmmmmmmmmmmmmmmmmmmmmmmmmmmmmmmmmmmmmmmmmmmmmmmmmmmmmmmmmmmmmmmmmmmmmmmmmmmmmmmmmmmmmmmmmmmmmmmmmmmmmmmmmmmmmmmmmmmmmmmmmmmmmmmmmmmmmmmmmmmmmmmmmmmmmmmmmmmmmmmmmmmmmmmmmmmmmmmmmmmmmmmmmmmmmmmmmmmmmmmmmmmmmmmmmmmmmmmmmmmmmmmmmmmmmmmmmmmmmmmmmmmmmmmmmmmmmmmmmmmmmmmmmmmmmmmmmmmmmmmmmmmmmmmmmmmmmmmmmmmmmmmmmmmmmmmmmmmmmmmmmmmmmmmmmmmmmmmmmmmmmmmmmmmmmmmmmmmmmmmmmmmmmmmmmmmmmmmmmmmmmmmmmmmmmmmmmmmmmmmmmmmmmmmmmmmmmmmmmmmmmmmmmmmmmm] PASSED [ 55%]
http_tests/message_tests/test_message_senddm.py::test_invalid_token PASSED [ 55%]
http_tests/message_tests/test_message_sendlater.py::test_valid_future_message PASSED [ 55%]
http_tests/message_tests/test_message_sendlater.py::test_returns_immediately PASSED [ 56%]
http_tests/message_tests/test_message_sendlater.py::test_nonmember_cannot_sendlater PASSED [ 56%]
http_tests/message_tests/test_message_sendlater.py::test_cannot_time_travel_aka_send_message_in_past PASSED [ 56%]
http_tests/message_tests/test_message_sendlater.py::test_message_too_long PASSED [ 57%]
http_tests/message_tests/test_message_sendlater.py::test_invalid_channel PASSED [ 57%]
http_tests/message_tests/test_message_sendlater.py::test_invalid_token PASSED [ 57%]
http_tests/message_tests/test_message_sendlaterdm.py::test_valid_future_message PASSED [ 57%]
http_tests/message_tests/test_message_sendlaterdm.py::test_returns_immediately PASSED [ 58%]
http_tests/message_tests/test_message_sendlaterdm.py::test_nonmember_cannot_sendlater PASSED [ 58%]
http_tests/message_tests/test_message_sendlaterdm.py::test_cannot_time_travel_aka_send_message_in_past PASSED [ 58%]
http_tests/message_tests/test_message_sendlaterdm.py::test_message_too_long PASSED [ 59%]
http_tests/message_tests/test_message_sendlaterdm.py::test_invalid_dm PASSED [ 59%]
http_tests/message_tests/test_message_sendlaterdm.py::test_invalid_token PASSED [ 59%]
http_tests/message_tests/test_message_share.py::test_successful_share_to_channel PASSED [ 59%]
http_tests/message_tests/test_message_share.py::test_successful_share_to_dm PASSED [ 60%]
http_tests/message_tests/test_message_share.py::test_successful_cross_share[True] PASSED [ 60%]
http_tests/message_tests/test_message_share.py::test_successful_cross_share[False] PASSED [ 60%]
http_tests/message_tests/test_message_share.py::test_cannot_share_to_unjoined_dm PASSED [ 61%]
http_tests/message_tests/test_message_share.py::test_cannot_share_to_unjoined_channel PASSED [ 61%]
http_tests/message_tests/test_message_share.py::test_cannot_share_from_unjoined_channel PASSED [ 61%]
http_tests/message_tests/test_message_share.py::test_cannot_share_from_unjoined_dm PASSED [ 61%]
http_tests/message_tests/test_message_share.py::test_invalid_og_message_id PASSED [ 62%]
http_tests/message_tests/test_message_share.py::test_invalid_message_length PASSED [ 62%]
http_tests/message_tests/test_message_share.py::test_share_to_invalid_channel_id PASSED [ 62%]
http_tests/message_tests/test_message_share.py::test_share_to_invalid_dm_id PASSED [ 62%]
http_tests/message_tests/test_message_share.py::test_invalid_token PASSED [ 63%]
http_tests/message_tests/test_message_unpin.py::test_successful_unpin_channel_owner_in_channel PASSED [ 63%]
http_tests/message_tests/test_message_unpin.py::test_successful_unpin_dm_owner_in_dm PASSED [ 63%]
http_tests/message_tests/test_message_unpin.py::test_successful_unpin_global_owner_in_channel FAILED [ 64%]
http_tests/message_tests/test_message_unpin.py::test_invalid_message_id PASSED [ 64%]
http_tests/message_tests/test_message_unpin.py::test_cannot_unpin_twice PASSED [ 64%]
http_tests/message_tests/test_message_unpin.py::test_channel_member_cant_unpin PASSED [ 64%]
http_tests/message_tests/test_message_unpin.py::test_dm_member_cant_unpin PASSED [ 65%]
http_tests/message_tests/test_message_unpin.py::test_global_owner_cant_unpin_in_dm PASSED [ 65%]
http_tests/message_tests/test_message_unpin.py::test_nonmember_cant_unpin PASSED [ 65%]
http_tests/message_tests/test_message_unpin.py::test_invalid_token PASSED [ 66%]
http_tests/message_tests/test_message_unreact.py::test_successful_unreact_in_channel PASSED [ 66%]
http_tests/message_tests/test_message_unreact.py::test_successful_unreact_to_dm_message PASSED [ 66%]
http_tests/message_tests/test_message_unreact.py::test_invalid_message_id PASSED [ 66%]
http_tests/message_tests/test_message_unreact.py::test_invalid_react_id PASSED [ 67%]
http_tests/message_tests/test_message_unreact.py::test_cant_unreact_twice PASSED [ 67%]
http_tests/message_tests/test_message_unreact.py::test_nonmember_cannot_unreact PASSED [ 67%]
http_tests/message_tests/test_message_unreact.py::test_invalid_token PASSED [ 67%]
http_tests/other_tests/test_clear.py::test_clear_works PASSED            [ 68%]
http_tests/other_tests/test_notifications_get.py::test_tag_thru_message_send_triggers_notification PASSED [ 68%]
http_tests/other_tests/test_notifications_get.py::test_tag_thru_message_senddm_triggers_notification PASSED [ 68%]
http_tests/other_tests/test_notifications_get.py::test_tag_thru_message_edit_triggers_notification PASSED [ 69%]
http_tests/other_tests/test_notifications_get.py::test_tag_thru_message_share_triggers_notification PASSED [ 69%]
http_tests/other_tests/test_notifications_get.py::test_tag_thru_message_sendlater_triggers_notification PASSED [ 69%]
http_tests/other_tests/test_notifications_get.py::test_tag_thru_message_sendlaterdm_triggers_notification PASSED [ 69%]
http_tests/other_tests/test_notifications_get.py::test_tag_notification_message_preview_length[a small message] PASSED [ 70%]
http_tests/other_tests/test_notifications_get.py::test_tag_notification_message_preview_length[AAAAAAAAAAAAAAAAAAAAAAAAAAAAAAAAAAAAAAAAAAAAAAAAAAAAAAAAAAAAAAAAAAAAAAAAAAAAAAAAAAAAAAAAAAAAAAAAAAAAAAAAAAAAAAAAAAAAAAAAAAAAAAAAAAAAAAAAAAAAAAAAAAAAAAAAAAAAAAAAAAAAAAAAAAAAAAAAAAAAAAAAAAAAAAAAAAAAAAAAAAAAAAAAAAAAAAAAAAAAAAAAAAAAAAAAAAAAAAAAAAAAAAAAAAAAAAAAAAAAAAAAAAAAAAAAAAAAAAAAAAAAAAAAAAAAAAAAAAAAAAAAAAAAAAAAAAAAAAAAAAAAAAAAAAAAAAAAAAAAAAAAAAAAAA] PASSED [ 70%]
http_tests/other_tests/test_notifications_get.py::test_react_triggers_notification[ch] PASSED [ 70%]
http_tests/other_tests/test_notifications_get.py::test_react_triggers_notification[dm] PASSED [ 71%]
http_tests/other_tests/test_notifications_get.py::test_add_thru_ch_invite_triggers_notification PASSED [ 71%]
http_tests/other_tests/test_notifications_get.py::test_add_thru_dm_create_triggers_notification PASSED [ 71%]
http_tests/other_tests/test_notifications_get.py::test_most_recent_20_notifications_fetched PASSED [ 71%]
http_tests/other_tests/test_notifications_get.py::test_invalid_token PASSED [ 72%]
http_tests/other_tests/test_search.py::test_no_matches PASSED            [ 72%]
http_tests/other_tests/test_search.py::test_single_match PASSED          [ 72%]
http_tests/other_tests/test_search.py::test_multiple_matches PASSED      [ 72%]
http_tests/other_tests/test_search.py::test_multiple_channels_joined PASSED [ 73%]
http_tests/other_tests/test_search.py::test_search_includes_only_joined_channels PASSED [ 73%]
http_tests/other_tests/test_search.py::test_search_matches_more_than_just_authorised_user PASSED [ 73%]
http_tests/other_tests/test_search.py::test_invalid_search[] PASSED      [ 74%]
http_tests/other_tests/test_search.py::test_invalid_search[aaaaaaaaaaaaaaaaaaaaaaaaaaaaaaaaaaaaaaaaaaaaaaaaaaaaaaaaaaaaaaaaaaaaaaaaaaaaaaaaaaaaaaaaaaaaaaaaaaaaaaaaaaaaaaaaaaaaaaaaaaaaaaaaaaaaaaaaaaaaaaaaaaaaaaaaaaaaaaaaaaaaaaaaaaaaaaaaaaaaaaaaaaaaaaaaaaaaaaaaaaaaaaaaaaaaaaaaaaaaaaaaaaaaaaaaaaaaaaaaaaaaaaaaaaaaaaaaaaaaaaaaaaaaaaaaaaaaaaaaaaaaaaaaaaaaaaaaaaaaaaaaaaaaaaaaaaaaaaaaaaaaaaaaaaaaaaaaaaaaaaaaaaaaaaaaaaaaaaaaaaaaaaaaaaaaaaaaaaaaaaaaaaaaaaaaaaaaaaaaaaaaaaaaaaaaaaaaaaaaaaaaaaaaaaaaaaaaaaaaaaaaaaaaaaaaaaaaaaaaaaaaaaaaaaaaaaaaaaaaaaaaaaaaaaaaaaaaaaaaaaaaaaaaaaaaaaaaaaaaaaaaaaaaaaaaaaaaaaaaaaaaaaaaaaaaaaaaaaaaaaaaaaaaaaaaaaaaaaaaaaaaaaaaaaaaaaaaaaaaaaaaaaaaaaaaaaaaaaaaaaaaaaaaaaaaaaaaaaaaaaaaaaaaaaaaaaaaaaaaaaaaaaaaaaaaaaaaaaaaaaaaaaaaaaaaaaaaaaaaaaaaaaaaaaaaaaaaaaaaaaaaaaaaaaaaaaaaaaaaaaaaaaaaaaaaaaaaaaaaaaaaaaaaaaaaaaaaaaaaaaaaaaaaaaaaaaaaaaaaaaaaaaaaaaaaaaaaaaaaaaaaaaaaaaaaaaaaaaaaaaaaaaaaaaaaaaaaaaaaaaaaaaaaaaaaaaaaaaaaaaaaaaaaaaaaaaaaaaaaaaaaaaaaaaaaaaaaaaaaaaaaaaaaaaaaaaaaaaaaaaaaaaaaaaaaaaaaaaaaaaaaaaaaaaaaaaaaaaaaaaaaaaaaaaaaaaaaaaaaa] PASSED [ 74%]
http_tests/other_tests/test_search.py::test_invalid_token PASSED         [ 74%]
http_tests/other_tests/test_users_all.py::test_successful_users_all PASSED [ 74%]
http_tests/other_tests/test_users_all.py::test_invalid_token PASSED      [ 75%]
http_tests/standup_tests/test_standup_active.py::test_correct_return_format[True] PASSED [ 75%]
http_tests/standup_tests/test_standup_active.py::test_correct_return_format[False] PASSED [ 75%]
http_tests/standup_tests/test_standup_active.py::test_active_standup PASSED [ 76%]
http_tests/standup_tests/test_standup_active.py::test_inactive_standup PASSED [ 76%]
http_tests/standup_tests/test_standup_active.py::test_invalid_channel_id PASSED [ 76%]
http_tests/standup_tests/test_standup_active.py::test_invalid_token PASSED [ 76%]
http_tests/standup_tests/test_standup_send.py::test_messages_buffered_and_displayed_correctly PASSED [ 77%]
http_tests/standup_tests/test_standup_send.py::test_return_format PASSED [ 77%]
http_tests/standup_tests/test_standup_send.py::test_non_member_cannot_standup_send PASSED [ 77%]
http_tests/standup_tests/test_standup_send.py::test_send_when_standup_inactive PASSED [ 77%]
http_tests/standup_tests/test_standup_send.py::test_invalid_message_length PASSED [ 78%]
http_tests/standup_tests/test_standup_send.py::test_invalid_channel_id PASSED [ 78%]
http_tests/standup_tests/test_standup_send.py::test_invalid_token PASSED [ 78%]
http_tests/standup_tests/test_standup_start.py::test_standup_start_return_format PASSED [ 79%]
http_tests/standup_tests/test_standup_start.py::test_returns_immediately PASSED [ 79%]
http_tests/standup_tests/test_standup_start.py::test_standup_restartable_after_lapse PASSED [ 79%]
http_tests/standup_tests/test_standup_start.py::test_standup_affects_only_one_channel PASSED [ 79%]
http_tests/standup_tests/test_standup_start.py::test_nonmember_cannot_start_standup PASSED [ 80%]
http_tests/standup_tests/test_standup_start.py::test_cannot_start_standup_when_already_active PASSED [ 80%]
http_tests/standup_tests/test_standup_start.py::test_invalid_standup_length PASSED [ 80%]
http_tests/standup_tests/test_standup_start.py::test_invalid_channel_id PASSED [ 81%]
http_tests/standup_tests/test_standup_start.py::test_invalid_token PASSED [ 81%]
http_tests/stats_tests/test_user_stats.py::test_return_type_correct FAILED [ 81%]
http_tests/stats_tests/test_user_stats.py::test_channels_tracked_channels_create PASSED [ 81%]
http_tests/stats_tests/test_user_stats.py::test_channels_tracked_channel_join PASSED [ 82%]
http_tests/stats_tests/test_user_stats.py::test_channels_tracked_channel_invite PASSED [ 82%]
http_tests/stats_tests/test_user_stats.py::test_channels_tracked_channel_leave PASSED [ 82%]
http_tests/stats_tests/test_user_stats.py::test_dms_tracked_dm_create PASSED [ 83%]
http_tests/stats_tests/test_user_stats.py::test_dms_tracked_dm_leave PASSED [ 83%]
http_tests/stats_tests/test_user_stats.py::test_dms_tracked_dm_remove PASSED [ 83%]
http_tests/stats_tests/test_user_stats.py::test_messages_tracked_message_send PASSED [ 83%]
http_tests/stats_tests/test_user_stats.py::test_messages_tracked_message_sendlater PASSED [ 84%]
http_tests/stats_tests/test_user_stats.py::test_messages_tracked_message_senddm PASSED [ 84%]
http_tests/stats_tests/test_user_stats.py::test_messages_tracked_message_senddmlater PASSED [ 84%]
http_tests/stats_tests/test_user_stats.py::test_messages_tracked_message_share PASSED [ 84%]
http_tests/stats_tests/test_user_stats.py::test_messages_tracked_standup_finish PASSED [ 85%]
http_tests/stats_tests/test_user_stats.py::test_involvement_tracked PASSED [ 85%]
http_tests/stats_tests/test_user_stats.py::test_invalid_token PASSED     [ 85%]
http_tests/stats_tests/test_users_stats.py::test_return_type_correct FAILED [ 86%]
http_tests/stats_tests/test_users_stats.py::test_channels_tracked_channels_create FAILED [ 86%]
http_tests/stats_tests/test_users_stats.py::test_dms_tracked_dm_create FAILED [ 86%]
http_tests/stats_tests/test_users_stats.py::test_dms_tracked_dm_remove FAILED [ 86%]
http_tests/stats_tests/test_users_stats.py::test_messages_tracked_message_send FAILED [ 87%]
http_tests/stats_tests/test_users_stats.py::test_messages_tracked_message_sendlater FAILED [ 87%]
http_tests/stats_tests/test_users_stats.py::test_messages_tracked_message_senddm FAILED [ 87%]
http_tests/stats_tests/test_users_stats.py::test_messages_tracked_message_senddmlater FAILED [ 88%]
http_tests/stats_tests/test_users_stats.py::test_messages_tracked_message_share FAILED [ 88%]
http_tests/stats_tests/test_users_stats.py::test_messages_tracked_standup_finish FAILED [ 88%]
http_tests/stats_tests/test_users_stats.py::test_messages_tracked_edited_to_removal FAILED [ 88%]
http_tests/stats_tests/test_users_stats.py::test_messages_tracked_deleted FAILED [ 89%]
http_tests/stats_tests/test_users_stats.py::test_messages_tracked_dm_removed FAILED [ 89%]
http_tests/stats_tests/test_users_stats.py::test_utilization_tracked FAILED [ 89%]
http_tests/stats_tests/test_users_stats.py::test_invalid_token PASSED    [ 89%]
http_tests/user_tests/test_user_profile.py::test_user_profile_valid PASSED [ 90%]
http_tests/user_tests/test_user_profile.py::test_invalid_user PASSED     [ 90%]
http_tests/user_tests/test_user_profile.py::test_invalid_token PASSED    [ 90%]
http_tests/user_tests/test_user_profile_setemail.py::test_successful_email_change PASSED [ 91%]
http_tests/user_tests/test_user_profile_setemail.py::test_cannot_change_to_taken_email PASSED [ 91%]
http_tests/user_tests/test_user_profile_setemail.py::test_invalid_email[] PASSED [ 91%]
http_tests/user_tests/test_user_profile_setemail.py::test_invalid_email[bob] PASSED [ 91%]
http_tests/user_tests/test_user_profile_setemail.py::test_invalid_email[ab.com] PASSED [ 92%]
http_tests/user_tests/test_user_profile_setemail.py::test_invalid_email[@gmail.com] PASSED [ 92%]
http_tests/user_tests/test_user_profile_setemail.py::test_invalid_email[ab@ab@gmail.com] PASSED [ 92%]
http_tests/user_tests/test_user_profile_setemail.py::test_invalid_token PASSED [ 93%]
http_tests/user_tests/test_user_profile_sethandle.py::test_successful_handle_change PASSED [ 93%]
http_tests/user_tests/test_user_profile_sethandle.py::test_cannot_change_to_taken_handle PASSED [ 93%]
http_tests/user_tests/test_user_profile_sethandle.py::test_invalid_handle[] PASSED [ 93%]
http_tests/user_tests/test_user_profile_sethandle.py::test_invalid_handle[a] PASSED [ 94%]
http_tests/user_tests/test_user_profile_sethandle.py::test_invalid_handle[aa] PASSED [ 94%]
http_tests/user_tests/test_user_profile_sethandle.py::test_invalid_handle[aaaaaaaaaaaaaaaaaaaaa] PASSED [ 94%]
http_tests/user_tests/test_user_profile_sethandle.py::test_invalid_handle[new handle] PASSED [ 94%]
http_tests/user_tests/test_user_profile_sethandle.py::test_invalid_handle[newh@ndle] PASSED [ 95%]
http_tests/user_tests/test_user_profile_sethandle.py::test_invalid_token PASSED [ 95%]
http_tests/user_tests/test_user_profile_setname.py::test_user_profile_setname_valid_name PASSED [ 95%]
http_tests/user_tests/test_user_profile_setname.py::test_invalid_name[-] PASSED [ 96%]
http_tests/user_tests/test_user_profile_setname.py::test_invalid_name[-MMMMMMMMMMMMMMMMMMMMMMMMMMMMMMMMMMMMMMMMMMMMMMMMMMM] PASSED [ 96%]
http_tests/user_tests/test_user_profile_setname.py::test_invalid_name[PPPPPPPPPPPPPPPPPPPPPPPPPPPPPPPPPPPPPPPPPPPPPPPPPPP-] PASSED [ 96%]
http_tests/user_tests/test_user_profile_setname.py::test_invalid_name[PPPPPPPPPPPPPPPPPPPPPPPPPPPPPPPPPPPPPPPPPPPPPPPPPPP-MMMMMMMMMMMMMMMMMMMMMMMMMMMMMMMMMMMMMMMMMMMMMMMMMMM] PASSED [ 96%]
http_tests/user_tests/test_user_profile_setname.py::test_invalid_token PASSED [ 97%]
http_tests/user_tests/test_user_profile_uploadphoto.py::test_return_format_correct PASSED [ 97%]
http_tests/user_tests/test_user_profile_uploadphoto.py::test_cannot_upload_non_jpeg PASSED [ 97%]
http_tests/user_tests/test_user_profile_uploadphoto.py::test_invalid_dimensions[-1000-0-0-0] PASSED [ 98%]
http_tests/user_tests/test_user_profile_uploadphoto.py::test_invalid_dimensions[0--1000-0-0] PASSED [ 98%]
http_tests/user_tests/test_user_profile_uploadphoto.py::test_invalid_dimensions[0-0--1000-0] PASSED [ 98%]
http_tests/user_tests/test_user_profile_uploadphoto.py::test_invalid_dimensions[0-0-0--1000] PASSED [ 98%]
http_tests/user_tests/test_user_profile_uploadphoto.py::test_x_end_less_than_start_value PASSED [ 99%]
http_tests/user_tests/test_user_profile_uploadphoto.py::test_y_end_less_than_start_value PASSED [ 99%]
http_tests/user_tests/test_user_profile_uploadphoto.py::test_invalid_url PASSED [ 99%]
http_tests/user_tests/test_user_profile_uploadphoto.py::test_invalid_token PASSED [100%]

====== Marks recorded: 167.47 ======


=================================== FAILURES ===================================
________________________ test_removal_not_in_users_all _________________________

user_woody = User(email='sheriff.woody@andysroom.com', password='qazwsx!!', name_first='sheriff', name_last='woody', u_id=0, token=...CJhbGciOiJIUzI1NiJ9.eyJ1X2lkIjowLCJzX2lkIjowfQ.xWS-WcqT7BiFyWSNKqVX1R-4JA_wx0y5ilX54hixFOg', handle_str='sheriffwoody')
user_zerg = User(email='zerg.thedestroyer@zergworld.com', password='!!qazwsx', name_first='lord', name_last='zerg', u_id=1, token=...1QiLCJhbGciOiJIUzI1NiJ9.eyJ1X2lkIjoxLCJzX2lkIjoxfQ.KI9BEOqut3xcvRFN9JC8iVfe6Q31oMGISazEgkur0J8', handle_str='lordzerg')
ctx = None

    def test_removal_not_in_users_all(user_woody, user_zerg, ctx):
        admin_user_remove(user_woody.token, user_zerg.u_id, ctx)
    
        users = users_all(user_woody.token, ctx)['users']
    
>       assert user_zerg.u_id not in [u['u_id'] for u in users]
E       AssertionError: assert 1 not in [0, 1]
E        +  where 1 = User(email='zerg.thedestroyer@zergworld.com', password='!!qazwsx', name_first='lord', name_last='zerg', u_id=1, token=...1QiLCJhbGciOiJIUzI1NiJ9.eyJ1X2lkIjoxLCJzX2lkIjoxfQ.KI9BEOqut3xcvRFN9JC8iVfe6Q31oMGISazEgkur0J8', handle_str='lordzerg').u_id

http_tests/admin_tests/test_admin_user_remove.py:69: AssertionError
____________________________ test_removed_user_name ____________________________

ctx = None

    def test_removed_user_name(ctx):
        session = auth_register('abc@gmail.com', 'password1', 'Removed', 'user', ctx)
        profile = user_profile(session['token'], session['auth_user_id'], ctx).popitem()[-1]
    
>       assert profile['name_first'] == 'Removed'
E       AssertionError: assert 'removed' == 'Removed'
E         - Removed
E         ? ^
E         + removed
E         ? ^

http_tests/auth_tests/test_auth_register.py:57: AssertionError
________________________ test_removal_removes_messages _________________________

user_woody = User(email='sheriff.woody@andysroom.com', password='qazwsx!!', name_first='sheriff', name_last='woody', u_id=0, token=...CJhbGciOiJIUzI1NiJ9.eyJ1X2lkIjowLCJzX2lkIjowfQ.xWS-WcqT7BiFyWSNKqVX1R-4JA_wx0y5ilX54hixFOg', handle_str='sheriffwoody')
woody_and_buzz_dm = DM(owner=0, members=[1], name='buzzlightyear, sheriffwoody', dm_id=0)
message_factory = <function message_factory.<locals>.make_message at 0x7f109c899950>
ctx = None

    @iteration3
    def test_removal_removes_messages(user_woody, woody_and_buzz_dm, message_factory, ctx):
        message_factory(user_woody, woody_and_buzz_dm, 'electric')
        message_factory(user_woody, woody_and_buzz_dm, 'electric mouse')
        message_factory(user_woody, woody_and_buzz_dm, 'electric house')
    
        assert len(search(user_woody.token, 'electric', ctx)['messages']) == 3
    
        dm_remove(user_woody.token, woody_and_buzz_dm.dm_id, ctx)
    
>       assert search(user_woody.token, 'electric', ctx)['messages'] == []

http_tests/dm_tests/test_dm_remove.py:31: 
_ _ _ _ _ _ _ _ _ _ _ _ _ _ _ _ _ _ _ _ _ _ _ _ _ _ _ _ _ _ _ _ _ _ _ _ _ _ _ _ 
http_tests/fakepi/other.py:44: in search
    token=token, query_str=query_str
_ _ _ _ _ _ _ _ _ _ _ _ _ _ _ _ _ _ _ _ _ _ _ _ _ _ _ _ _ _ _ _ _ _ _ _ _ _ _ _ 

res = <Response [500]>

    def parse_response(res):
        if res.status_code in [200, 201]:
            return res.json()
        elif res.status_code == 400:
            raise error.InputError()
        elif res.status_code == 403:
            raise error.AccessError()
        else:
>           raise Exception(res)
E           Exception: <Response [500]>

http_tests/fakepi/util.py:72: Exception
____________________ test_owner_can_edit_members_message_dm ____________________

user_woody = User(email='sheriff.woody@andysroom.com', password='qazwsx!!', name_first='sheriff', name_last='woody', u_id=0, token=...CJhbGciOiJIUzI1NiJ9.eyJ1X2lkIjowLCJzX2lkIjowfQ.xWS-WcqT7BiFyWSNKqVX1R-4JA_wx0y5ilX54hixFOg', handle_str='sheriffwoody')
woody_and_buzz_dm = DM(owner=0, members=[1], name='buzzlightyear, sheriffwoody', dm_id=0)
user_buzz = User(email='buzz.lightyear@starcommand.com', password='qazwsx@@', name_first='buzz', name_last='lightyear', u_id=1, to...JhbGciOiJIUzI1NiJ9.eyJ1X2lkIjoxLCJzX2lkIjoxfQ.KI9BEOqut3xcvRFN9JC8iVfe6Q31oMGISazEgkur0J8', handle_str='buzzlightyear')
message_factory = <function message_factory.<locals>.make_message at 0x7f109c8bb620>
ctx = None

    def test_owner_can_edit_members_message_dm(user_woody, woody_and_buzz_dm, user_buzz, message_factory, ctx):
        buzzs_msg = message_factory(user_buzz, woody_and_buzz_dm)
    
>       message_edit(user_woody.token, buzzs_msg.message_id, 'hi', ctx)

http_tests/message_tests/test_message_edit.py:53: 
_ _ _ _ _ _ _ _ _ _ _ _ _ _ _ _ _ _ _ _ _ _ _ _ _ _ _ _ _ _ _ _ _ _ _ _ _ _ _ _ 
http_tests/fakepi/message.py:35: in message_edit
    token=token, message_id=message_id, message=msg_content
_ _ _ _ _ _ _ _ _ _ _ _ _ _ _ _ _ _ _ _ _ _ _ _ _ _ _ _ _ _ _ _ _ _ _ _ _ _ _ _ 

res = <Response [500]>

    def parse_response(res):
        if res.status_code in [200, 201]:
            return res.json()
        elif res.status_code == 400:
            raise error.InputError()
        elif res.status_code == 403:
            raise error.AccessError()
        else:
>           raise Exception(res)
E           Exception: <Response [500]>

http_tests/fakepi/util.py:72: Exception
________________ test_global_owner_cant_edit_members_message_dm ________________

user_buzz = User(email='buzz.lightyear@starcommand.com', password='qazwsx@@', name_first='buzz', name_last='lightyear', u_id=0, to...JhbGciOiJIUzI1NiJ9.eyJ1X2lkIjowLCJzX2lkIjowfQ.xWS-WcqT7BiFyWSNKqVX1R-4JA_wx0y5ilX54hixFOg', handle_str='buzzlightyear')
user_woody = User(email='sheriff.woody@andysroom.com', password='qazwsx!!', name_first='sheriff', name_last='woody', u_id=1, token=...CJhbGciOiJIUzI1NiJ9.eyJ1X2lkIjoxLCJzX2lkIjoxfQ.KI9BEOqut3xcvRFN9JC8iVfe6Q31oMGISazEgkur0J8', handle_str='sheriffwoody')
woody_and_buzz_dm = DM(owner=1, members=[0], name='buzzlightyear, sheriffwoody', dm_id=0)
message_factory = <function message_factory.<locals>.make_message at 0x7f109c838bf8>
ctx = None

    def test_global_owner_cant_edit_members_message_dm(user_buzz, user_woody, woody_and_buzz_dm, message_factory, ctx):
        woodys_msg = message_factory(user_woody, woody_and_buzz_dm)
        with pytest.raises(AccessError):
>           message_edit(user_buzz.token, woodys_msg.message_id, 'hi', ctx)

http_tests/message_tests/test_message_edit.py:75: 
_ _ _ _ _ _ _ _ _ _ _ _ _ _ _ _ _ _ _ _ _ _ _ _ _ _ _ _ _ _ _ _ _ _ _ _ _ _ _ _ 
http_tests/fakepi/message.py:35: in message_edit
    token=token, message_id=message_id, message=msg_content
_ _ _ _ _ _ _ _ _ _ _ _ _ _ _ _ _ _ _ _ _ _ _ _ _ _ _ _ _ _ _ _ _ _ _ _ _ _ _ _ 

res = <Response [500]>

    def parse_response(res):
        if res.status_code in [200, 201]:
            return res.json()
        elif res.status_code == 400:
            raise error.InputError()
        elif res.status_code == 403:
            raise error.AccessError()
        else:
>           raise Exception(res)
E           Exception: <Response [500]>

http_tests/fakepi/util.py:72: Exception
_______________________ test_cannot_edit_deleted_message _______________________

user_woody = User(email='sheriff.woody@andysroom.com', password='qazwsx!!', name_first='sheriff', name_last='woody', u_id=0, token=...CJhbGciOiJIUzI1NiJ9.eyJ1X2lkIjowLCJzX2lkIjowfQ.xWS-WcqT7BiFyWSNKqVX1R-4JA_wx0y5ilX54hixFOg', handle_str='sheriffwoody')
woodys_public_toybox = Channel(name='woodys toybox', is_public=True, channel_id=0, owner_members=[0], all_members=[])
message_factory = <function message_factory.<locals>.make_message at 0x7f109c8a9488>
ctx = None

    def test_cannot_edit_deleted_message(user_woody, woodys_public_toybox, message_factory, ctx):
        a_msg = message_factory(user_woody, woodys_public_toybox, 'hi')
    
        # should succeed
        message_edit(user_woody.token, a_msg.message_id, '', ctx)
    
        with pytest.raises(InputError):
            # should fail
>           message_edit(user_woody.token, a_msg.message_id, '', ctx)

http_tests/message_tests/test_message_edit.py:101: 
_ _ _ _ _ _ _ _ _ _ _ _ _ _ _ _ _ _ _ _ _ _ _ _ _ _ _ _ _ _ _ _ _ _ _ _ _ _ _ _ 
http_tests/fakepi/message.py:35: in message_edit
    token=token, message_id=message_id, message=msg_content
_ _ _ _ _ _ _ _ _ _ _ _ _ _ _ _ _ _ _ _ _ _ _ _ _ _ _ _ _ _ _ _ _ _ _ _ _ _ _ _ 

res = <Response [500]>

    def parse_response(res):
        if res.status_code in [200, 201]:
            return res.json()
        elif res.status_code == 400:
            raise error.InputError()
        elif res.status_code == 403:
            raise error.AccessError()
        else:
>           raise Exception(res)
E           Exception: <Response [500]>

http_tests/fakepi/util.py:72: Exception
_________________ test_successful_pin_global_owner_in_channel __________________

user_buzz = User(email='buzz.lightyear@starcommand.com', password='qazwsx@@', name_first='buzz', name_last='lightyear', u_id=0, to...JhbGciOiJIUzI1NiJ9.eyJ1X2lkIjowLCJzX2lkIjowfQ.xWS-WcqT7BiFyWSNKqVX1R-4JA_wx0y5ilX54hixFOg', handle_str='buzzlightyear')
user_woody = User(email='sheriff.woody@andysroom.com', password='qazwsx!!', name_first='sheriff', name_last='woody', u_id=1, token=...CJhbGciOiJIUzI1NiJ9.eyJ1X2lkIjoxLCJzX2lkIjoxfQ.KI9BEOqut3xcvRFN9JC8iVfe6Q31oMGISazEgkur0J8', handle_str='sheriffwoody')
woodys_public_toybox = Channel(name='woodys toybox', is_public=True, channel_id=0, owner_members=[1], all_members=[])
message_factory = <function message_factory.<locals>.make_message at 0x7f109c800c80>
ctx = None

    @iteration3
    def test_successful_pin_global_owner_in_channel(user_buzz, user_woody, woodys_public_toybox, message_factory, ctx):
        a_msg = message_factory(user_woody, woodys_public_toybox)
    
        channel_join(user_buzz.token, woodys_public_toybox.channel_id, ctx)
    
>       assert message_pin(user_buzz.token, a_msg.message_id, ctx) == {}

http_tests/message_tests/test_message_pin.py:48: 
_ _ _ _ _ _ _ _ _ _ _ _ _ _ _ _ _ _ _ _ _ _ _ _ _ _ _ _ _ _ _ _ _ _ _ _ _ _ _ _ 
http_tests/fakepi/message.py:46: in message_pin
    token=token, message_id=message_id
_ _ _ _ _ _ _ _ _ _ _ _ _ _ _ _ _ _ _ _ _ _ _ _ _ _ _ _ _ _ _ _ _ _ _ _ _ _ _ _ 

res = <Response [403]>

    def parse_response(res):
        if res.status_code in [200, 201]:
            return res.json()
        elif res.status_code == 400:
            raise error.InputError()
        elif res.status_code == 403:
>           raise error.AccessError()
E           http_tests.error.AccessError: 403 Forbidden: None

http_tests/fakepi/util.py:70: AccessError
_______________ test_global_owner_cant_remove_members_message_dm _______________

user_buzz = User(email='buzz.lightyear@starcommand.com', password='qazwsx@@', name_first='buzz', name_last='lightyear', u_id=0, to...JhbGciOiJIUzI1NiJ9.eyJ1X2lkIjowLCJzX2lkIjowfQ.xWS-WcqT7BiFyWSNKqVX1R-4JA_wx0y5ilX54hixFOg', handle_str='buzzlightyear')
user_woody = User(email='sheriff.woody@andysroom.com', password='qazwsx!!', name_first='sheriff', name_last='woody', u_id=1, token=...CJhbGciOiJIUzI1NiJ9.eyJ1X2lkIjoxLCJzX2lkIjoxfQ.KI9BEOqut3xcvRFN9JC8iVfe6Q31oMGISazEgkur0J8', handle_str='sheriffwoody')
woody_and_buzz_dm = DM(owner=1, members=[0], name='buzzlightyear, sheriffwoody', dm_id=0)
message_factory = <function message_factory.<locals>.make_message at 0x7f109c80b7b8>
ctx = None

    def test_global_owner_cant_remove_members_message_dm(user_buzz, user_woody, woody_and_buzz_dm, message_factory, ctx):
        woodys_msg = message_factory(user_woody, woody_and_buzz_dm)
        with pytest.raises(AccessError):
>           message_remove(user_buzz.token, woodys_msg.message_id, ctx)

http_tests/message_tests/test_message_remove.py:49: 
_ _ _ _ _ _ _ _ _ _ _ _ _ _ _ _ _ _ _ _ _ _ _ _ _ _ _ _ _ _ _ _ _ _ _ _ _ _ _ _ 
http_tests/fakepi/message.py:24: in message_remove
    token=token, message_id=message_id
_ _ _ _ _ _ _ _ _ _ _ _ _ _ _ _ _ _ _ _ _ _ _ _ _ _ _ _ _ _ _ _ _ _ _ _ _ _ _ _ 

res = <Response [500]>

    def parse_response(res):
        if res.status_code in [200, 201]:
            return res.json()
        elif res.status_code == 400:
            raise error.InputError()
        elif res.status_code == 403:
            raise error.AccessError()
        else:
>           raise Exception(res)
E           Exception: <Response [500]>

http_tests/fakepi/util.py:72: Exception
________________ test_successful_unpin_global_owner_in_channel _________________

user_buzz = User(email='buzz.lightyear@starcommand.com', password='qazwsx@@', name_first='buzz', name_last='lightyear', u_id=0, to...JhbGciOiJIUzI1NiJ9.eyJ1X2lkIjowLCJzX2lkIjowfQ.xWS-WcqT7BiFyWSNKqVX1R-4JA_wx0y5ilX54hixFOg', handle_str='buzzlightyear')
user_woody = User(email='sheriff.woody@andysroom.com', password='qazwsx!!', name_first='sheriff', name_last='woody', u_id=1, token=...CJhbGciOiJIUzI1NiJ9.eyJ1X2lkIjoxLCJzX2lkIjoxfQ.KI9BEOqut3xcvRFN9JC8iVfe6Q31oMGISazEgkur0J8', handle_str='sheriffwoody')
woodys_public_toybox = Channel(name='woodys toybox', is_public=True, channel_id=0, owner_members=[1], all_members=[])
message_factory = <function message_factory.<locals>.make_message at 0x7f109c8bb400>
ctx = None

    @iteration3
    def test_successful_unpin_global_owner_in_channel(user_buzz, user_woody, woodys_public_toybox, message_factory, ctx):
        a_msg = message_factory(user_woody, woodys_public_toybox)
    
        channel_join(user_buzz.token, woodys_public_toybox.channel_id, ctx)
    
>       msg_pin(user_buzz.token, a_msg.message_id, ctx) == {}

http_tests/message_tests/test_message_unpin.py:52: 
_ _ _ _ _ _ _ _ _ _ _ _ _ _ _ _ _ _ _ _ _ _ _ _ _ _ _ _ _ _ _ _ _ _ _ _ _ _ _ _ 
http_tests/fakepi/message.py:46: in message_pin
    token=token, message_id=message_id
_ _ _ _ _ _ _ _ _ _ _ _ _ _ _ _ _ _ _ _ _ _ _ _ _ _ _ _ _ _ _ _ _ _ _ _ _ _ _ _ 

res = <Response [403]>

    def parse_response(res):
        if res.status_code in [200, 201]:
            return res.json()
        elif res.status_code == 400:
            raise error.InputError()
        elif res.status_code == 403:
>           raise error.AccessError()
E           http_tests.error.AccessError: 403 Forbidden: None

http_tests/fakepi/util.py:70: AccessError
___________________________ test_return_type_correct ___________________________

user_woody = User(email='sheriff.woody@andysroom.com', password='qazwsx!!', name_first='sheriff', name_last='woody', u_id=0, token=...CJhbGciOiJIUzI1NiJ9.eyJ1X2lkIjowLCJzX2lkIjowfQ.xWS-WcqT7BiFyWSNKqVX1R-4JA_wx0y5ilX54hixFOg', handle_str='sheriffwoody')
ctx = None

    @iteration3
    def test_return_type_correct(user_woody, ctx):
        stats = user_stats(user_woody.token, ctx)
    
        assert 'user_stats' in stats
        stats = stats['user_stats']
    
        assert 'channels_joined' in stats and isinstance(stats['channels_joined'], list)
        assert stats['channels_joined'][-1]['num_channels_joined'] == 0
        assert abs(stats['channels_joined'][-1]['time_stamp'] - utc_now()) <= 2
    
        assert 'dms_joined' in stats and isinstance(stats['dms_joined'], list)
        assert stats['dms_joined'][-1]['num_dms_joined'] == 0
        assert abs(stats['dms_joined'][-1]['time_stamp'] - utc_now()) <= 2
    
        assert 'messages_sent' in stats and isinstance(stats['messages_sent'], list)
        assert stats['messages_sent'][-1]['num_messages_sent'] == 0
        assert abs(stats['messages_sent'][-1]['time_stamp'] - utc_now()) <= 2
    
>       assert 'involvement_rate' in stats and isinstance(stats['involvement_rate'], float)
E       AssertionError: assert ('involvement_rate' in {'channels_joined': [{'num_channels_joined': 0, 'time_stamp': 1636953272}], 'dms_joined': [{'num_dms_joined': 0, 'time_stamp': 1636953272}], 'involvement_rate': 0, 'messages_sent': [{'num_messages_sent': 0, 'time_stamp': 1636953272}]} and False)
E        +  where False = isinstance(0, float)

http_tests/stats_tests/test_user_stats.py:38: AssertionError
___________________________ test_return_type_correct ___________________________

user_woody = User(email='sheriff.woody@andysroom.com', password='qazwsx!!', name_first='sheriff', name_last='woody', u_id=0, token=...CJhbGciOiJIUzI1NiJ9.eyJ1X2lkIjowLCJzX2lkIjowfQ.xWS-WcqT7BiFyWSNKqVX1R-4JA_wx0y5ilX54hixFOg', handle_str='sheriffwoody')
ctx = None

    @iteration3
    def test_return_type_correct(user_woody, ctx):
        stats = users_stats(user_woody.token, ctx)
    
>       assert 'workspace_stats' in stats
E       AssertionError: assert 'workspace_stats' in {'workplace_stats': {'channels_exist': [{'num_channels_exist': 0, 'time_stamp': 1636953278}], 'dms_exist': [{'num_dms_...tamp': 1636953278}], 'messages_exist': [{'num_messages_exist': 0, 'time_stamp': 1636953278}], 'utilisation_rate': 0.0}}

http_tests/stats_tests/test_users_stats.py:22: AssertionError
____________________ test_channels_tracked_channels_create _____________________

user_woody = User(email='sheriff.woody@andysroom.com', password='qazwsx!!', name_first='sheriff', name_last='woody', u_id=0, token=...CJhbGciOiJIUzI1NiJ9.eyJ1X2lkIjowLCJzX2lkIjowfQ.xWS-WcqT7BiFyWSNKqVX1R-4JA_wx0y5ilX54hixFOg', handle_str='sheriffwoody')
channel_factory = <function channel_factory.<locals>.make_channel at 0x7f109c7c9598>
ctx = None

    @iteration3
    def test_channels_tracked_channels_create(user_woody, channel_factory, ctx):
        channel_factory(user_woody, 'poop', True)
    
>       ch_stats = users_stats(user_woody.token, ctx)['workspace_stats']['channels_exist']
E       KeyError: 'workspace_stats'

http_tests/stats_tests/test_users_stats.py:48: KeyError
__________________________ test_dms_tracked_dm_create __________________________

user_woody = User(email='sheriff.woody@andysroom.com', password='qazwsx!!', name_first='sheriff', name_last='woody', u_id=0, token=...CJhbGciOiJIUzI1NiJ9.eyJ1X2lkIjowLCJzX2lkIjowfQ.xWS-WcqT7BiFyWSNKqVX1R-4JA_wx0y5ilX54hixFOg', handle_str='sheriffwoody')
dm_factory = <function dm_factory.<locals>.make_dm at 0x7f109c8d0e18>
ctx = None

    @iteration3
    def test_dms_tracked_dm_create(user_woody, dm_factory, ctx):
        dm_factory(user_woody, [])
    
>       dm_stats = users_stats(user_woody.token, ctx)['workspace_stats']['dms_exist']
E       KeyError: 'workspace_stats'

http_tests/stats_tests/test_users_stats.py:59: KeyError
__________________________ test_dms_tracked_dm_remove __________________________

user_woody = User(email='sheriff.woody@andysroom.com', password='qazwsx!!', name_first='sheriff', name_last='woody', u_id=0, token=...CJhbGciOiJIUzI1NiJ9.eyJ1X2lkIjowLCJzX2lkIjowfQ.xWS-WcqT7BiFyWSNKqVX1R-4JA_wx0y5ilX54hixFOg', handle_str='sheriffwoody')
woody_and_buzz_dm = DM(owner=0, members=[1], name='buzzlightyear, sheriffwoody', dm_id=0)
ctx = None

    @iteration3
    def test_dms_tracked_dm_remove(user_woody, woody_and_buzz_dm, ctx):
        dm_remove(user_woody.token, woody_and_buzz_dm.dm_id, ctx)
    
>       dm_stats = users_stats(user_woody.token, ctx)['workspace_stats']['dms_exist']
E       KeyError: 'workspace_stats'

http_tests/stats_tests/test_users_stats.py:70: KeyError
______________________ test_messages_tracked_message_send ______________________

user_woody = User(email='sheriff.woody@andysroom.com', password='qazwsx!!', name_first='sheriff', name_last='woody', u_id=0, token=...CJhbGciOiJIUzI1NiJ9.eyJ1X2lkIjowLCJzX2lkIjowfQ.xWS-WcqT7BiFyWSNKqVX1R-4JA_wx0y5ilX54hixFOg', handle_str='sheriffwoody')
woodys_public_toybox = Channel(name='woodys toybox', is_public=True, channel_id=0, owner_members=[0], all_members=[])
message_factory = <function message_factory.<locals>.make_message at 0x7f109c899620>
ctx = None

    @iteration3
    def test_messages_tracked_message_send(user_woody, woodys_public_toybox, message_factory, ctx):
        message_factory(user_woody, woodys_public_toybox)
    
>       msg_stats = users_stats(user_woody.token, ctx)['workspace_stats']['messages_exist']
E       KeyError: 'workspace_stats'

http_tests/stats_tests/test_users_stats.py:81: KeyError
___________________ test_messages_tracked_message_sendlater ____________________

user_woody = User(email='sheriff.woody@andysroom.com', password='qazwsx!!', name_first='sheriff', name_last='woody', u_id=0, token=...CJhbGciOiJIUzI1NiJ9.eyJ1X2lkIjowLCJzX2lkIjowfQ.xWS-WcqT7BiFyWSNKqVX1R-4JA_wx0y5ilX54hixFOg', handle_str='sheriffwoody')
woodys_public_toybox = Channel(name='woodys toybox', is_public=True, channel_id=0, owner_members=[0], all_members=[])
message_factory = <function message_factory.<locals>.make_message at 0x7f109c7bbb70>
ctx = None

    @iteration3
    def test_messages_tracked_message_sendlater(user_woody, woodys_public_toybox, message_factory, ctx):
        message_factory(user_woody, woodys_public_toybox, delay=1)
    
        sleep(1.5)
    
>       msg_stats = users_stats(user_woody.token, ctx)['workspace_stats']['messages_exist']
E       KeyError: 'workspace_stats'

http_tests/stats_tests/test_users_stats.py:94: KeyError
_____________________ test_messages_tracked_message_senddm _____________________

user_woody = User(email='sheriff.woody@andysroom.com', password='qazwsx!!', name_first='sheriff', name_last='woody', u_id=0, token=...CJhbGciOiJIUzI1NiJ9.eyJ1X2lkIjowLCJzX2lkIjowfQ.xWS-WcqT7BiFyWSNKqVX1R-4JA_wx0y5ilX54hixFOg', handle_str='sheriffwoody')
woody_and_buzz_dm = DM(owner=0, members=[1], name='buzzlightyear, sheriffwoody', dm_id=0)
message_factory = <function message_factory.<locals>.make_message at 0x7f109c899d08>
ctx = None

    @iteration3
    def test_messages_tracked_message_senddm(user_woody, woody_and_buzz_dm, message_factory, ctx):
        message_factory(user_woody, woody_and_buzz_dm)
    
>       msg_stats = users_stats(user_woody.token, ctx)['workspace_stats']['messages_exist']
E       KeyError: 'workspace_stats'

http_tests/stats_tests/test_users_stats.py:105: KeyError
__________________ test_messages_tracked_message_senddmlater ___________________

user_woody = User(email='sheriff.woody@andysroom.com', password='qazwsx!!', name_first='sheriff', name_last='woody', u_id=0, token=...CJhbGciOiJIUzI1NiJ9.eyJ1X2lkIjowLCJzX2lkIjowfQ.xWS-WcqT7BiFyWSNKqVX1R-4JA_wx0y5ilX54hixFOg', handle_str='sheriffwoody')
woody_and_buzz_dm = DM(owner=0, members=[1], name='buzzlightyear, sheriffwoody', dm_id=0)
message_factory = <function message_factory.<locals>.make_message at 0x7f109c8d0598>
ctx = None

    @iteration3
    def test_messages_tracked_message_senddmlater(user_woody, woody_and_buzz_dm, message_factory, ctx):
        message_factory(user_woody, woody_and_buzz_dm, delay=1)
    
        sleep(1.5)
    
>       msg_stats = users_stats(user_woody.token, ctx)['workspace_stats']['messages_exist']
E       KeyError: 'workspace_stats'

http_tests/stats_tests/test_users_stats.py:118: KeyError
_____________________ test_messages_tracked_message_share ______________________

user_woody = User(email='sheriff.woody@andysroom.com', password='qazwsx!!', name_first='sheriff', name_last='woody', u_id=0, token=...CJhbGciOiJIUzI1NiJ9.eyJ1X2lkIjowLCJzX2lkIjowfQ.xWS-WcqT7BiFyWSNKqVX1R-4JA_wx0y5ilX54hixFOg', handle_str='sheriffwoody')
woodys_public_toybox = Channel(name='woodys toybox', is_public=True, channel_id=0, owner_members=[0], all_members=[])
message_factory = <function message_factory.<locals>.make_message at 0x7f109c7bbf28>
ctx = None

    @iteration3
    def test_messages_tracked_message_share(user_woody, woodys_public_toybox, message_factory, ctx):
        a_msg = message_factory(user_woody, woodys_public_toybox)
        message_share(user_woody.token, a_msg.message_id, '', woodys_public_toybox.channel_id, -1, ctx)
    
>       msg_stats = users_stats(user_woody.token, ctx)['workspace_stats']['messages_exist']
E       KeyError: 'workspace_stats'

http_tests/stats_tests/test_users_stats.py:130: KeyError
_____________________ test_messages_tracked_standup_finish _____________________

user_woody = User(email='sheriff.woody@andysroom.com', password='qazwsx!!', name_first='sheriff', name_last='woody', u_id=0, token=...CJhbGciOiJIUzI1NiJ9.eyJ1X2lkIjowLCJzX2lkIjowfQ.xWS-WcqT7BiFyWSNKqVX1R-4JA_wx0y5ilX54hixFOg', handle_str='sheriffwoody')
woodys_public_toybox = Channel(name='woodys toybox', is_public=True, channel_id=0, owner_members=[0], all_members=[])
standup_factory = <function standup_factory.<locals>.make_standup at 0x7f109c8a9400>
ctx = None

    @iteration3
    def test_messages_tracked_standup_finish(user_woody, woodys_public_toybox, standup_factory, ctx):
        standup_factory(user_woody, woodys_public_toybox, 1)
        standup_send(user_woody.token, woodys_public_toybox.channel_id, 'hi', ctx)
    
        sleep(2)
    
>       msg_stats = users_stats(user_woody.token, ctx)['workspace_stats']['messages_exist']
E       KeyError: 'workspace_stats'

http_tests/stats_tests/test_users_stats.py:144: KeyError
___________________ test_messages_tracked_edited_to_removal ____________________

user_woody = User(email='sheriff.woody@andysroom.com', password='qazwsx!!', name_first='sheriff', name_last='woody', u_id=0, token=...CJhbGciOiJIUzI1NiJ9.eyJ1X2lkIjowLCJzX2lkIjowfQ.xWS-WcqT7BiFyWSNKqVX1R-4JA_wx0y5ilX54hixFOg', handle_str='sheriffwoody')
woodys_public_toybox = Channel(name='woodys toybox', is_public=True, channel_id=0, owner_members=[0], all_members=[])
message_factory = <function message_factory.<locals>.make_message at 0x7f109c7bb510>
ctx = None

    @iteration3
    def test_messages_tracked_edited_to_removal(user_woody, woodys_public_toybox, message_factory, ctx):
        a_msg = message_factory(user_woody, woodys_public_toybox)
    
        message_edit(user_woody.token, a_msg.message_id, '', ctx)
    
>       msg_stats = users_stats(user_woody.token, ctx)['workspace_stats']['messages_exist']
E       KeyError: 'workspace_stats'

http_tests/stats_tests/test_users_stats.py:157: KeyError
________________________ test_messages_tracked_deleted _________________________

user_woody = User(email='sheriff.woody@andysroom.com', password='qazwsx!!', name_first='sheriff', name_last='woody', u_id=0, token=...CJhbGciOiJIUzI1NiJ9.eyJ1X2lkIjowLCJzX2lkIjowfQ.xWS-WcqT7BiFyWSNKqVX1R-4JA_wx0y5ilX54hixFOg', handle_str='sheriffwoody')
woodys_public_toybox = Channel(name='woodys toybox', is_public=True, channel_id=0, owner_members=[0], all_members=[])
message_factory = <function message_factory.<locals>.make_message at 0x7f109c8d07b8>
ctx = None

    @iteration3
    def test_messages_tracked_deleted(user_woody, woodys_public_toybox, message_factory, ctx):
        a_msg = message_factory(user_woody, woodys_public_toybox)
    
        message_remove(user_woody.token, a_msg.message_id, ctx)
    
>       msg_stats = users_stats(user_woody.token, ctx)['workspace_stats']['messages_exist']
E       KeyError: 'workspace_stats'

http_tests/stats_tests/test_users_stats.py:170: KeyError
_______________________ test_messages_tracked_dm_removed _______________________

user_woody = User(email='sheriff.woody@andysroom.com', password='qazwsx!!', name_first='sheriff', name_last='woody', u_id=0, token=...CJhbGciOiJIUzI1NiJ9.eyJ1X2lkIjowLCJzX2lkIjowfQ.xWS-WcqT7BiFyWSNKqVX1R-4JA_wx0y5ilX54hixFOg', handle_str='sheriffwoody')
woody_and_buzz_dm = DM(owner=0, members=[1], name='buzzlightyear, sheriffwoody', dm_id=0)
message_factory = <function message_factory.<locals>.make_message at 0x7f109c7c9f28>
ctx = None

    @iteration3
    def test_messages_tracked_dm_removed(user_woody, woody_and_buzz_dm, message_factory, ctx):
        message_factory(user_woody, woody_and_buzz_dm)
    
        dm_remove(user_woody.token, woody_and_buzz_dm.dm_id, ctx)
    
>       msg_stats = users_stats(user_woody.token, ctx)['workspace_stats']['messages_exist']
E       KeyError: 'workspace_stats'

http_tests/stats_tests/test_users_stats.py:183: KeyError
___________________________ test_utilization_tracked ___________________________

user_woody = User(email='sheriff.woody@andysroom.com', password='qazwsx!!', name_first='sheriff', name_last='woody', u_id=0, token=...CJhbGciOiJIUzI1NiJ9.eyJ1X2lkIjowLCJzX2lkIjowfQ.xWS-WcqT7BiFyWSNKqVX1R-4JA_wx0y5ilX54hixFOg', handle_str='sheriffwoody')
user_zerg = User(email='zerg.thedestroyer@zergworld.com', password='!!qazwsx', name_first='lord', name_last='zerg', u_id=1, token=...1QiLCJhbGciOiJIUzI1NiJ9.eyJ1X2lkIjoxLCJzX2lkIjoxfQ.KI9BEOqut3xcvRFN9JC8iVfe6Q31oMGISazEgkur0J8', handle_str='lordzerg')
channel_factory = <function channel_factory.<locals>.make_channel at 0x7f109c8a9bf8>
dm_factory = <function dm_factory.<locals>.make_dm at 0x7f109c8a9c80>
ctx = None

    @iteration3
    def test_utilization_tracked(user_woody, user_zerg, channel_factory, dm_factory, ctx):
>       stats = users_stats(user_woody.token, ctx)['workspace_stats']
E       KeyError: 'workspace_stats'

http_tests/stats_tests/test_users_stats.py:192: KeyError
=========================== short test summary info ============================
FAILED http_tests/admin_tests/test_admin_user_remove.py::test_removal_not_in_users_all
FAILED http_tests/auth_tests/test_auth_register.py::test_removed_user_name - ...
FAILED http_tests/dm_tests/test_dm_remove.py::test_removal_removes_messages
FAILED http_tests/message_tests/test_message_edit.py::test_owner_can_edit_members_message_dm
FAILED http_tests/message_tests/test_message_edit.py::test_global_owner_cant_edit_members_message_dm
FAILED http_tests/message_tests/test_message_edit.py::test_cannot_edit_deleted_message
FAILED http_tests/message_tests/test_message_pin.py::test_successful_pin_global_owner_in_channel
FAILED http_tests/message_tests/test_message_remove.py::test_global_owner_cant_remove_members_message_dm
FAILED http_tests/message_tests/test_message_unpin.py::test_successful_unpin_global_owner_in_channel
FAILED http_tests/stats_tests/test_user_stats.py::test_return_type_correct - ...
FAILED http_tests/stats_tests/test_users_stats.py::test_return_type_correct
FAILED http_tests/stats_tests/test_users_stats.py::test_channels_tracked_channels_create
FAILED http_tests/stats_tests/test_users_stats.py::test_dms_tracked_dm_create
FAILED http_tests/stats_tests/test_users_stats.py::test_dms_tracked_dm_remove
FAILED http_tests/stats_tests/test_users_stats.py::test_messages_tracked_message_send
FAILED http_tests/stats_tests/test_users_stats.py::test_messages_tracked_message_sendlater
FAILED http_tests/stats_tests/test_users_stats.py::test_messages_tracked_message_senddm
FAILED http_tests/stats_tests/test_users_stats.py::test_messages_tracked_message_senddmlater
FAILED http_tests/stats_tests/test_users_stats.py::test_messages_tracked_message_share
FAILED http_tests/stats_tests/test_users_stats.py::test_messages_tracked_standup_finish
FAILED http_tests/stats_tests/test_users_stats.py::test_messages_tracked_edited_to_removal
FAILED http_tests/stats_tests/test_users_stats.py::test_messages_tracked_deleted
FAILED http_tests/stats_tests/test_users_stats.py::test_messages_tracked_dm_removed
FAILED http_tests/stats_tests/test_users_stats.py::test_utilization_tracked
================== 24 failed, 335 passed in 70.00s (0:01:09) ===================
